=== VOTING LOG ===
Task: a
[PROMPT → Astra]
### [MULTI-AGENT • Astra • Debate]
You are Astra.
Task: a

Debate rules:
- OUTPUT MUST BE ONLY one fenced JSON code block. No text outside JSON.
- JSON must have exactly: rationale, answer, confidence.
- 'answer' must be short and final. If the task asks for a color, 'answer' MUST be a single word.
- confidence in [0,1].
- Use the same language as the task.
- If uncertain, give your best guess. Do not say you are ready.

Previous round context (use it to update your position, do not copy into JSON):
(none)
Return ONLY the final JSON, for example:

```json
{ "rationale": "short explanation", "answer": "one-word", "confidence": 0.9 }
```
[RAW ← Astra]
```json
{ "rationale": "The task is to output a single letter 'a' as the answer, as specified in the task.", "answer": "a", "confidence": 1.0 }
```
[PARSED ← Astra] answer=a confidence=1.0
[PROMPT → Marvin]
### [MULTI-AGENT • Marvin • Debate]
You are Marvin.
Task: a

Debate rules:
- OUTPUT MUST BE ONLY one fenced JSON code block. No text outside JSON.
- JSON must have exactly: rationale, answer, confidence.
- 'answer' must be short and final. If the task asks for a color, 'answer' MUST be a single word.
- confidence in [0,1].
- Use the same language as the task.
- If uncertain, give your best guess. Do not say you are ready.

Previous round context (use it to update your position, do not copy into JSON):
(none)
Return ONLY the final JSON, for example:

```json
{ "rationale": "short explanation", "answer": "one-word", "confidence": 0.9 }
```
[RAW ← Marvin]
```json
{ "rationale": "No specific task provided, defaulting to neutral response.", "answer": "none", "confidence": 0.5 }
```
[PARSED ← Marvin] answer=none confidence=0.5
[PROMPT → Talos]
### [MULTI-AGENT • Talos • Debate]
You are Talos.
Task: a

Debate rules:
- OUTPUT MUST BE ONLY one fenced JSON code block. No text outside JSON.
- JSON must have exactly: rationale, answer, confidence.
- 'answer' must be short and final. If the task asks for a color, 'answer' MUST be a single word.
- confidence in [0,1].
- Use the same language as the task.
- If uncertain, give your best guess. Do not say you are ready.

Previous round context (use it to update your position, do not copy into JSON):
(none)
Return ONLY the final JSON, for example:

```json
{ "rationale": "short explanation", "answer": "one-word", "confidence": 0.9 }
```
[RAW ← Talos]
```json
{ "rationale": "Task 'a' is undefined; no specific context or question provided. Defaulting to minimal valid response.", "answer": "a", "confidence": 0.5 }
```
[PARSED ← Talos] answer=a confidence=0.5
