 Image ap4fed_client:latest Building 
 Image ap4fed_client:latest Building 
 Image ap4fed_server:latest Building 
 Image ap4fed_client:latest Building 
 Image ap4fed_client:latest Building 
 Image ap4fed_client:latest Building 
#1 [internal] load local bake definitions
#1 reading from stdin 2.76kB done
#1 DONE 0.0s

#2 [client5 internal] load build definition from Dockerfile.client
#2 transferring dockerfile: 621B done
#2 DONE 0.0s

#3 [server internal] load build definition from Dockerfile.server
#3 transferring dockerfile: 725B done
#3 DONE 0.0s

#4 [client4 internal] load metadata for docker.io/library/python:3.12-slim
#4 DONE 4.6s

#5 [client5 internal] load .dockerignore
#5 transferring context: 2B 0.1s done
#5 DONE 0.1s

#6 [client2 1/8] FROM docker.io/library/python:3.12-slim@sha256:46cb7cc2877e60fbd5e21a9ae6115c30ace7a077b9f8772da879e4590c18c2e3
#6 resolve docker.io/library/python:3.12-slim@sha256:46cb7cc2877e60fbd5e21a9ae6115c30ace7a077b9f8772da879e4590c18c2e3 done
#6 DONE 0.0s

#7 [client2 internal] load build context
#7 transferring context: 67.55kB done
#7 transferring context: 67.55kB done
#7 DONE 0.0s

#8 [server internal] load build context
#8 transferring context: 67.59kB done
#8 DONE 0.0s

#9 [server  3/10] RUN pip install --no-cache-dir     flwr[simulations]     docker     torch==2.2.1     torchvision==0.17.1     pandas     grpcio==1.66.1     numpy==1.26.2     psutil     torchgan     scikit-learn     scikit-image     grad-cam
#9 CACHED

#10 [server  2/10] RUN apt-get update &&     apt-get install -y --no-install-recommends libgl1 libglib2.0-0 &&     rm -rf /var/lib/apt/lists/*
#10 CACHED

#11 [server  4/10] WORKDIR /app
#11 CACHED

#12 [client2 2/8] RUN pip install flwr[simulations] torch==2.2.1 torchvision==0.17.1 grpcio==1.66.1 numpy==1.26.2 psutil torchgan scikit-learn
#12 CACHED

#13 [client2 3/8] WORKDIR /app
#13 CACHED

#14 [client5 4/8] COPY client.py /app/client.py
#14 DONE 0.0s

#15 [server  5/10] COPY client.py /app/client.py
#15 DONE 0.0s

#16 [client4 5/8] COPY server.py /app/server.py
#16 DONE 0.0s

#17 [server  6/10] COPY server.py /app/server.py
#17 DONE 0.0s

#18 [client3 6/8] COPY taskA.py /app/taskA.py
#18 DONE 0.0s

#19 [server  7/10] COPY taskA.py /app/taskA.py
#19 DONE 0.0s

#20 [client5 7/8] COPY configuration/ /app/configuration/
#20 DONE 0.0s

#21 [server  8/10] COPY configuration/ /app/configuration/
#21 DONE 0.0s

#22 [server  9/10] COPY adaptation.py /app/adaptation.py
#22 DONE 0.0s

#23 [client2 8/8] RUN mkdir -p data
#23 DONE 0.2s

#24 [server 10/10] RUN mkdir -p /app/performance
#24 DONE 0.1s

#25 [server] exporting to image
#25 exporting layers 0.1s done
#25 exporting manifest sha256:1432d689914c64c08c8e95e7a38e58564749ea24f9f7b1e9963525d8f670473a
#25 exporting manifest sha256:1432d689914c64c08c8e95e7a38e58564749ea24f9f7b1e9963525d8f670473a done
#25 exporting config sha256:a4dca98011ed0a333bb01fab4cb8ac2930e600705242d6b68ff12c4f50d1702f 0.0s done
#25 exporting attestation manifest sha256:abdc0164d420c6eef1a7a644679b83b3d0d65e01509d60cabd8eb54dd4ddb509 0.0s done
#25 exporting manifest list sha256:d03f6103a4145764b514fc7efdca7f218d5d77c7b453d27f93096f4e2112a7bd 0.0s done
#25 naming to docker.io/library/ap4fed_server:latest done
#25 unpacking to docker.io/library/ap4fed_server:latest
#25 unpacking to docker.io/library/ap4fed_server:latest 0.1s done
#25 DONE 0.3s

#26 [client2] exporting to image
#26 exporting layers 0.1s done
#26 exporting manifest sha256:8a6097e30949acd22ad7edbb9eb9053eb7ba9e1c922babe5386d7c551a7924b0 0.0s done
#26 exporting config sha256:0f3196e27af5f10d81763cbe8639faa365bc54bb3b5db5f2e0b83d3bc7712653 0.0s done
#26 exporting attestation manifest sha256:6595ea274a33ec49818783d9918796d717fd0e1f27aa858e564a34753a375002 0.0s done
#26 exporting manifest list sha256:90171e855c6d90180034a40a1fa1fd4be0e03d3d851ebd6942f97552c8531db1 0.0s done
#26 naming to docker.io/library/ap4fed_client:latest done
#26 unpacking to docker.io/library/ap4fed_client:latest 0.1s done
#26 DONE 0.3s

#27 [client4] exporting to image
#27 exporting layers 0.1s done
#27 exporting manifest sha256:4daf10471be9098448d1cc0df3f3c0eaa4fc40969647b3762e19a0667e13434e 0.0s done
#27 exporting config sha256:885983b4bb56eb2df3cc68aedc6cec8350e594ecf7ba170dcc4ac90c07e10f19 0.0s done
#27 exporting attestation manifest sha256:1706e7f1d9a95cc7b05e2332569a744ce3dbef4a38a6cc8e443314f8bfd0e14e 0.0s done
#27 exporting manifest list sha256:045fcc1626ec7b990eb546da3df25b19823ae4a54700e9e7ba7c68dcd33e3625 0.0s done
#27 naming to docker.io/library/ap4fed_client:latest done
#27 unpacking to docker.io/library/ap4fed_client:latest 0.1s done
#27 DONE 0.3s

#28 [client5] exporting to image
#28 exporting layers 0.1s done
#28 exporting manifest sha256:e2dde38f6dd683e74ef526501ca767946b239d462c111833240ed8f4433c7185 0.0s done
#28 exporting config sha256:4ee9d6d8d16247aaa17ad23d182527090608a8d61f693be79f2d4427d671b231 0.0s done
#28 exporting attestation manifest sha256:dced9f68a0060e6901fd7eaabf1949d23ae1df6dfd4faafab1b479745c5c729e 0.0s done
#28 exporting manifest list sha256:2fe34531ae40715860d530e97b5edeee07a9afb5ffa1205a216ecdfa7b383644 0.0s done
#28 naming to docker.io/library/ap4fed_client:latest done
#28 unpacking to docker.io/library/ap4fed_client:latest 0.1s done
#28 DONE 0.3s

#29 [client1] exporting to image
#29 exporting layers 0.1s done
#29 exporting manifest sha256:2ec0d9b4878c2b245c954d43036418eea94fbf3810b530cc2611a23b4db36652 0.0s done
#29 exporting config sha256:4a02ae5835fd40f06272d022be068790652f1db6e409354eb8cf460242823c0c 0.0s done
#29 exporting attestation manifest sha256:e0ae4ea01e31acea60fe338d881892e2a4ab6d35f639914cf20baf8e1e62cfc9 0.0s done
#29 exporting manifest list sha256:3d2124c7d538b2fff3eedc1f284cb29061fed81110cd7d51fbe5f0e0c38b961a 0.0s done
#29 naming to docker.io/library/ap4fed_client:latest done
#29 unpacking to docker.io/library/ap4fed_client:latest 0.1s done
#29 DONE 0.3s

#30 [client3] exporting to image
#30 exporting layers 0.1s done
#30 exporting manifest sha256:3536a5c83d9680c0f68cff03c98c2e23d9028f89e03dcaae72c07db47d2c96fc 0.0s done
#30 exporting config sha256:a82f46eb097a5a12ccdd66f037bc4eb1c4b7843b9ea96bb0042543d89d4744fe 0.0s done
#30 exporting attestation manifest sha256:17fbd361b7ae936feea4b2f95df18b165a3bc5ac24d467120a4e24532d9bd02c 0.0s done
#30 exporting manifest list sha256:826dc5b382848e6e3d5fa25472b3fe00b01d20d81f17bb3920a7b227c5313aec 0.0s done
#30 naming to docker.io/library/ap4fed_client:latest done
#30 unpacking to docker.io/library/ap4fed_client:latest 0.0s done
#30 DONE 0.3s

#31 [client4] resolving provenance for metadata file
#31 DONE 0.0s

#32 [client1] resolving provenance for metadata file
#32 DONE 0.0s

#33 [client3] resolving provenance for metadata file
#33 DONE 0.0s

#34 [client2] resolving provenance for metadata file
#34 DONE 0.0s

#35 [client5] resolving provenance for metadata file
#35 DONE 0.0s

#36 [server] resolving provenance for metadata file
#36 DONE 0.0s
 Image ap4fed_client:latest Built 
 Image ap4fed_client:latest Built 
 Image ap4fed_client:latest Built 
 Image ap4fed_client:latest Built 
 Image ap4fed_client:latest Built 
 Image ap4fed_server:latest Built 
 Network docker_flwr_network Creating 
 Network docker_flwr_network Created 
 Container flwr_server Creating 
 Container flwr_server Created 
 Container Client1 Creating 
 Container Client5 Creating 
 Container Client4 Creating 
 Container Client3 Creating 
 Container Client2 Creating 
 Container Client5 Created 
 Container Client4 Created 
 Container Client3 Created 
 Container Client1 Created 
 Container Client2 Created 
Attaching to Client1, Client2, Client3, Client4, Client5, flwr_server
 Container flwr_server Starting 
 Container flwr_server Started 
 Container Client4 Starting 
 Container Client5 Starting 
 Container Client1 Starting 
 Container Client3 Starting 
 Container Client2 Starting 
 Container Client4 Started 
 Container Client5 Started 
 Container Client2 Started 
 Container Client3 Started 
 Container Client1 Started 
flwr_server  | [92mINFO [0m:      ==========================================
flwr_server  | [92mINFO [0m:        ___  ______  ___ ______       _ 
flwr_server  | [92mINFO [0m:       / _ \ | ___ \/   ||  ___|     | |
flwr_server  | [92mINFO [0m:      / /_\ \| |_/ / /| || |_ ___  __| |
flwr_server  | [92mINFO [0m:      |  _  ||  __/ /_| ||  _/ _ \/ _` |
flwr_server  | [92mINFO [0m:      | | | || |  \___  || ||  __/ (_| |
flwr_server  | [92mINFO [0m:      \_| |_/\_|      |_/\_| \___|\__,_| v.1.5.0
flwr_server  | [92mINFO [0m:      
flwr_server  | [92mINFO [0m:      ==========================================
flwr_server  | [92mINFO [0m:      Simulation Started!
flwr_server  | [92mINFO [0m:      List of the Architectural Patterns enabled:
flwr_server  | [92mINFO [0m:      Client Registry ✅
flwr_server  | [92mINFO [0m:      ==========================================
flwr_server  | [92mINFO [0m:      Adaptation Disabled ❌
flwr_server  | [93mWARNING [0m:   DEPRECATED FEATURE: flwr.server.start_server() is deprecated.
flwr_server  | 	Instead, use the `flower-superlink` CLI command to start a SuperLink as shown below:
flwr_server  | 
flwr_server  | 		$ flower-superlink --insecure
flwr_server  | 
flwr_server  | 	To view usage and all available options, run:
flwr_server  | 
flwr_server  | 		$ flower-superlink --help
flwr_server  | 
flwr_server  | 	Using `start_server()` is deprecated.
flwr_server  | 
flwr_server  |             This is a deprecated feature. It will be removed
flwr_server  |             entirely in future versions of Flower.
flwr_server  |         
flwr_server  | [92mINFO [0m:      Starting Flower server, config: num_rounds=10, no round_timeout
flwr_server  | [92mINFO [0m:      Flower ECE: gRPC server running (10 rounds), SSL is disabled
flwr_server  | [92mINFO [0m:      [INIT]
flwr_server  | [92mINFO [0m:      Requesting initial parameters from one random client
Client2      | [92mINFO [0m:      Client 2 compute unit: CPU (pid=8)
Client2      | [93mWARNING [0m:   DEPRECATED FEATURE: flwr.client.start_client() is deprecated.
Client2      | 	Instead, use the `flower-supernode` CLI command to start a SuperNode as shown below:
Client2      | 
Client2      | 		$ flower-supernode --insecure --superlink='<IP>:<PORT>'
Client2      | 
Client2      | 	To view all available options, run:
Client2      | 
Client2      | 		$ flower-supernode --help
Client2      | 
Client2      | 	Using `start_client()` is deprecated.
Client2      | 
Client2      |             This is a deprecated feature. It will be removed
Client2      |             entirely in future versions of Flower.
Client2      |         
Client3      | [92mINFO [0m:      Client 3 compute unit: CPU (pid=8)
Client3      | [93mWARNING [0m:   DEPRECATED FEATURE: flwr.client.start_client() is deprecated.
Client3      | 	Instead, use the `flower-supernode` CLI command to start a SuperNode as shown below:
Client3      | 
Client3      | 		$ flower-supernode --insecure --superlink='<IP>:<PORT>'
Client3      | 
Client3      | 	To view all available options, run:
Client3      | 
Client3      | 		$ flower-supernode --help
Client3      | 
Client3      | 	Using `start_client()` is deprecated.
Client3      | 
Client3      |             This is a deprecated feature. It will be removed
Client3      |             entirely in future versions of Flower.
Client3      |         
Client4      | [92mINFO [0m:      Client 4 compute unit: CPU (pid=8)
Client4      | [93mWARNING [0m:   DEPRECATED FEATURE: flwr.client.start_client() is deprecated.
Client4      | 	Instead, use the `flower-supernode` CLI command to start a SuperNode as shown below:
Client4      | 
Client4      | 		$ flower-supernode --insecure --superlink='<IP>:<PORT>'
Client4      | 
Client4      | 	To view all available options, run:
Client4      | 
Client4      | 		$ flower-supernode --help
Client4      | 
Client4      | 	Using `start_client()` is deprecated.
Client4      | 
Client4      |             This is a deprecated feature. It will be removed
Client4      |             entirely in future versions of Flower.
Client4      |         
Client5      | [92mINFO [0m:      Client 5 compute unit: CPU (pid=8)
Client5      | [93mWARNING [0m:   DEPRECATED FEATURE: flwr.client.start_client() is deprecated.
Client5      | 	Instead, use the `flower-supernode` CLI command to start a SuperNode as shown below:
Client5      | 
Client5      | 		$ flower-supernode --insecure --superlink='<IP>:<PORT>'
Client5      | 
Client5      | 	To view all available options, run:
Client5      | 
Client5      | 		$ flower-supernode --help
Client5      | 
Client5      | 	Using `start_client()` is deprecated.
Client5      | 
Client5      |             This is a deprecated feature. It will be removed
Client5      |             entirely in future versions of Flower.
Client5      |         
Client1      | [92mINFO [0m:      Client 1 compute unit: CPU (pid=8)
Client1      | [93mWARNING [0m:   DEPRECATED FEATURE: flwr.client.start_client() is deprecated.
Client1      | 	Instead, use the `flower-supernode` CLI command to start a SuperNode as shown below:
Client1      | 
Client1      | 		$ flower-supernode --insecure --superlink='<IP>:<PORT>'
Client1      | 
Client1      | 	To view all available options, run:
Client1      | 
Client1      | 		$ flower-supernode --help
Client1      | 
Client1      | 	Using `start_client()` is deprecated.
Client1      | 
Client1      |             This is a deprecated feature. It will be removed
Client1      |             entirely in future versions of Flower.
Client1      |         
Client5      | [92mINFO [0m:      
Client5      | [92mINFO [0m:      Received: get_parameters message cd567633-8350-40ed-82dd-8b534bff5fc2
Client5      | [92mINFO [0m:      Sent reply
flwr_server  | [93mWARNING [0m:   Failed to receive initial parameters from the client. Empty initial parameters will be used.
flwr_server  | [92mINFO [0m:      Starting evaluation of initial global parameters
flwr_server  | [92mINFO [0m:      Evaluation returned no results (`None`)
flwr_server  | [92mINFO [0m:      
flwr_server  | [92mINFO [0m:      [ROUND 1]
flwr_server  | [92mINFO [0m:      configure_fit: strategy sampled 5 clients (out of 5)
Client3      | [92mINFO [0m:      
Client3      | [92mINFO [0m:      Received: train message 28af46db-5acd-46f0-8f6a-6f5396dc5b8b
Client2      | [92mINFO [0m:      
Client2      | [92mINFO [0m:      Received: train message c8150486-2781-4bba-b96d-df09e8ad875b
Client1      | [92mINFO [0m:      
Client1      | [92mINFO [0m:      Received: train message 3b32ad63-03a5-48aa-a7ed-3dfc0457fd58
Client4      | [92mINFO [0m:      
Client4      | [92mINFO [0m:      Received: train message ef0d7454-9234-4a3c-a8ca-f607aabd5a3d
Client5      | [92mINFO [0m:      
Client5      | [92mINFO [0m:      Received: train message b19bd243-9638-42d7-adf7-e25b3b6250a4
Client1      | [92mINFO [0m:      [DATA DEBUG] Client 1 round 1 train class distribution: {0: 15, 1: 3067, 2: 20918}
Client1      | [92mINFO [0m:      Starting training...
Client3      | [92mINFO [0m:      [DATA DEBUG] Client 3 round 1 train class distribution: {0: 870, 1: 1465, 2: 65}
Client3      | [92mINFO [0m:      Starting training...
Client2      | [92mINFO [0m:      [DATA DEBUG] Client 2 round 1 train class distribution: {1: 369, 2: 38, 3: 1993}
Client2      | [92mINFO [0m:      Starting training...
Client5      | [92mINFO [0m:      [DATA DEBUG] Client 5 round 1 train class distribution: {0: 14196, 1: 8882, 2: 922}
Client4      | [92mINFO [0m:      [DATA DEBUG] Client 4 round 1 train class distribution: {0: 716, 1: 481, 2: 278, 3: 925}
Client4      | [92mINFO [0m:      Starting training...
Client5      | [92mINFO [0m:      Starting training...
Client2      | [92mINFO [0m:      Training completed in 1.21 seconds
Client3      | [92mINFO [0m:      Training completed in 2.03 seconds
Client3      | [92mINFO [0m:      Client 3 injecting delay of 34 seconds
Client4      | [92mINFO [0m:      Training completed in 1.84 seconds
Client2      | [92mINFO [0m:      Jensen-Shannon Divergence (client vs perfect IID): 0.34
Client2      | [92mINFO [0m:      Sent reply
Client4      | [92mINFO [0m:      Client 4 injecting delay of 20 seconds
Client1      | [92mINFO [0m:      Training completed in 19.55 seconds
Client5      | [92mINFO [0m:      Training completed in 18.70 seconds
Client1      | [92mINFO [0m:      Jensen-Shannon Divergence (client vs perfect IID): 0.39
Client1      | [92mINFO [0m:      Sent reply
Client4      | [92mINFO [0m:      Jensen-Shannon Divergence (client vs perfect IID): 0.03
Client4      | [92mINFO [0m:      Sent reply
Client5      | [92mINFO [0m:      Jensen-Shannon Divergence (client vs perfect IID): 0.25
Client5      | [92mINFO [0m:      Sent reply
Client3      | [92mINFO [0m:      Jensen-Shannon Divergence (client vs perfect IID): 0.26
Client3      | [92mINFO [0m:      Sent reply
flwr_server  | [92mINFO [0m:      aggregate_fit: received 5 results and 0 failures
flwr_server  | [92mINFO [0m:      Results Aggregated in 43.40 seconds.
flwr_server  | [92mINFO [0m:      configure_evaluate: no clients selected, skipping evaluation
flwr_server  | [92mINFO [0m:      
flwr_server  | [92mINFO [0m:      [ROUND 2]
flwr_server  | [92mINFO [0m:      configure_fit: strategy sampled 5 clients (out of 5)
Client4      | [92mINFO [0m:      
Client4      | [92mINFO [0m:      Received: train message 132f0068-6152-41e4-9195-211fed6071aa
Client2      | [92mINFO [0m:      
Client2      | [92mINFO [0m:      Received: train message be30f258-8088-451e-8602-9b4e420dcb39
Client3      | [92mINFO [0m:      
Client3      | [92mINFO [0m:      Received: train message 70a41966-da1a-4d37-8866-a93e229704ef
Client5      | [92mINFO [0m:      
Client5      | [92mINFO [0m:      Received: train message 9b2689e5-644b-440e-a3e8-78f5292fde71
Client1      | [92mINFO [0m:      
Client1      | [92mINFO [0m:      Received: train message 47a95088-66ce-47c6-a27d-dfbf78972bec
Client4      | [92mINFO [0m:      [DATA DEBUG] Client 4 round 2 train class distribution: {0: 377, 1: 3743, 2: 139, 3: 541}
Client4      | [92mINFO [0m:      Starting training...
Client2      | [92mINFO [0m:      [DATA DEBUG] Client 2 round 2 train class distribution: {0: 2, 1: 873, 2: 148, 3: 3777}
Client2      | [92mINFO [0m:      Starting training...
Client5      | [92mINFO [0m:      [DATA DEBUG] Client 5 round 2 train class distribution: {0: 14196, 1: 8882, 2: 922}
Client1      | [92mINFO [0m:      [DATA DEBUG] Client 1 round 2 train class distribution: {0: 15, 1: 3067, 2: 20918}
Client5      | [92mINFO [0m:      Starting training...
Client3      | [92mINFO [0m:      [DATA DEBUG] Client 3 round 2 train class distribution: {0: 1776, 1: 2899, 2: 125}
Client3      | [92mINFO [0m:      Starting training...
Client1      | [92mINFO [0m:      Starting training...
Client2      | [92mINFO [0m:      Training completed in 4.48 seconds
Client3      | [92mINFO [0m:      Training completed in 5.41 seconds
Client4      | [92mINFO [0m:      Training completed in 6.48 seconds
Client2      | [92mINFO [0m:      Jensen-Shannon Divergence (client vs perfect IID): 0.30
Client2      | [92mINFO [0m:      Sent reply
Client4      | [92mINFO [0m:      Client 4 injecting delay of 45 seconds
Client3      | [92mINFO [0m:      Client 3 injecting delay of 22 seconds
Client5      | [92mINFO [0m:      Training completed in 16.80 seconds
Client1      | [92mINFO [0m:      Training completed in 18.14 seconds
Client1      | [92mINFO [0m:      Jensen-Shannon Divergence (client vs perfect IID): 0.39
Client1      | [92mINFO [0m:      Sent reply
Client5      | [92mINFO [0m:      Jensen-Shannon Divergence (client vs perfect IID): 0.25
Client5      | [92mINFO [0m:      Sent reply
Client3      | [92mINFO [0m:      Jensen-Shannon Divergence (client vs perfect IID): 0.26
Client3      | [92mINFO [0m:      Sent reply
Client4      | [92mINFO [0m:      Jensen-Shannon Divergence (client vs perfect IID): 0.23
Client4      | [92mINFO [0m:      Sent reply
flwr_server  | [92mINFO [0m:      aggregate_fit: received 5 results and 0 failures
flwr_server  | [92mINFO [0m:      Results Aggregated in 56.49 seconds.
flwr_server  | [92mINFO [0m:      configure_evaluate: no clients selected, skipping evaluation
flwr_server  | [92mINFO [0m:      
flwr_server  | [92mINFO [0m:      [ROUND 3]
flwr_server  | [92mINFO [0m:      configure_fit: strategy sampled 5 clients (out of 5)
Client3      | [92mINFO [0m:      
Client3      | [92mINFO [0m:      Received: train message e7c997ea-697e-40e5-bc26-63c82bb9356b
Client5      | [92mINFO [0m:      
Client5      | [92mINFO [0m:      Received: train message 94403704-70b3-4450-ad10-e41b006af276
Client1      | [92mINFO [0m:      
Client1      | [92mINFO [0m:      Received: train message a2353a1a-6ebf-4bea-aa9a-172f23a00242
Client2      | [92mINFO [0m:      
Client2      | [92mINFO [0m:      Received: train message 56c1050a-83a0-4805-ab98-ba8e732243f8
Client4      | [92mINFO [0m:      
Client4      | [92mINFO [0m:      Received: train message 7aead148-26d3-48aa-b1b3-21eb83937a8d
Client3      | [92mINFO [0m:      [DATA DEBUG] Client 3 round 3 train class distribution: {0: 3583, 1: 3250, 2: 367}
Client3      | [92mINFO [0m:      Starting training...
Client5      | [92mINFO [0m:      [DATA DEBUG] Client 5 round 3 train class distribution: {0: 14196, 1: 8882, 2: 922}
Client1      | [92mINFO [0m:      [DATA DEBUG] Client 1 round 3 train class distribution: {0: 15, 1: 3067, 2: 20918}
Client5      | [92mINFO [0m:      Starting training...
Client2      | [92mINFO [0m:      [DATA DEBUG] Client 2 round 3 train class distribution: {0: 11, 1: 1180, 2: 1153, 3: 4856}
Client1      | [92mINFO [0m:      Starting training...
Client2      | [92mINFO [0m:      Starting training...
Client4      | [92mINFO [0m:      [DATA DEBUG] Client 4 round 3 train class distribution: {0: 319, 1: 2734, 2: 522, 3: 3625}
Client4      | [92mINFO [0m:      Starting training...
Client4      | [92mINFO [0m:      Training completed in 5.31 seconds
Client3      | [92mINFO [0m:      Training completed in 6.69 seconds
Client2      | [92mINFO [0m:      Training completed in 6.97 seconds
Client4      | [92mINFO [0m:      Client 4 injecting delay of 27 seconds
Client2      | [92mINFO [0m:      Jensen-Shannon Divergence (client vs perfect IID): 0.21
Client2      | [92mINFO [0m:      Sent reply
Client3      | [92mINFO [0m:      Client 3 injecting delay of 39 seconds
Client1      | [92mINFO [0m:      Training completed in 10.70 seconds
Client5      | [92mINFO [0m:      Training completed in 13.98 seconds
Client1      | [92mINFO [0m:      Jensen-Shannon Divergence (client vs perfect IID): 0.39
Client1      | [92mINFO [0m:      Sent reply
Client5      | [92mINFO [0m:      Jensen-Shannon Divergence (client vs perfect IID): 0.25
Client5      | [92mINFO [0m:      Sent reply
Client4      | [92mINFO [0m:      Jensen-Shannon Divergence (client vs perfect IID): 0.14
Client4      | [92mINFO [0m:      Sent reply
Client3      | [92mINFO [0m:      Jensen-Shannon Divergence (client vs perfect IID): 0.23
Client3      | [92mINFO [0m:      Sent reply
flwr_server  | [92mINFO [0m:      aggregate_fit: received 5 results and 0 failures
flwr_server  | [92mINFO [0m:      Results Aggregated in 50.05 seconds.
flwr_server  | [92mINFO [0m:      configure_evaluate: no clients selected, skipping evaluation
flwr_server  | [92mINFO [0m:      
flwr_server  | [92mINFO [0m:      [ROUND 4]
flwr_server  | [92mINFO [0m:      configure_fit: strategy sampled 5 clients (out of 5)
Client4      | [92mINFO [0m:      
Client4      | [92mINFO [0m:      Received: train message a1ee1914-f948-4cb7-986f-610dad316fbd
Client3      | [92mINFO [0m:      
Client3      | [92mINFO [0m:      Received: train message 3a16e870-30fa-4314-8d0d-4bdfc93cd646
Client1      | [92mINFO [0m:      
Client1      | [92mINFO [0m:      Received: train message 94d79a32-7dfa-4b85-a1bd-bc7c47c0c1f5
Client2      | [92mINFO [0m:      
Client2      | [92mINFO [0m:      Received: train message 044f3acb-e674-44fc-b5e1-12fcd4f7e3e6
Client5      | [92mINFO [0m:      
Client5      | [92mINFO [0m:      Received: train message 12f44e76-8dcf-4cef-b11b-eae38ee45695
Client1      | [92mINFO [0m:      [DATA DEBUG] Client 1 round 4 train class distribution: {0: 15, 1: 3067, 2: 20918}
Client4      | [92mINFO [0m:      [DATA DEBUG] Client 4 round 4 train class distribution: {0: 904, 1: 3650, 2: 528, 3: 4518}
Client3      | [92mINFO [0m:      [DATA DEBUG] Client 3 round 4 train class distribution: {0: 4704, 1: 4406, 2: 490}
Client4      | [92mINFO [0m:      Starting training...
Client1      | [92mINFO [0m:      Starting training...
Client3      | [92mINFO [0m:      Starting training...
Client2      | [92mINFO [0m:      [DATA DEBUG] Client 2 round 4 train class distribution: {0: 10, 1: 1026, 2: 1263, 3: 7301}
Client5      | [92mINFO [0m:      [DATA DEBUG] Client 5 round 4 train class distribution: {0: 14196, 1: 8882, 2: 922}
Client2      | [92mINFO [0m:      Starting training...
Client5      | [92mINFO [0m:      Starting training...
Client2      | [92mINFO [0m:      Training completed in 2.83 seconds
Client2      | [92mINFO [0m:      Jensen-Shannon Divergence (client vs perfect IID): 0.25
Client2      | [92mINFO [0m:      Sent reply
Client4      | [92mINFO [0m:      Training completed in 5.10 seconds
Client3      | [92mINFO [0m:      Training completed in 5.28 seconds
Client1      | [92mINFO [0m:      Training completed in 7.96 seconds
Client4      | [92mINFO [0m:      Client 4 injecting delay of 29 seconds
Client3      | [92mINFO [0m:      Client 3 injecting delay of 39 seconds
Client1      | [92mINFO [0m:      Jensen-Shannon Divergence (client vs perfect IID): 0.39
Client1      | [92mINFO [0m:      Sent reply
Client5      | [92mINFO [0m:      Training completed in 10.23 seconds
Client5      | [92mINFO [0m:      Jensen-Shannon Divergence (client vs perfect IID): 0.25
Client5      | [92mINFO [0m:      Sent reply
Client4      | [92mINFO [0m:      Jensen-Shannon Divergence (client vs perfect IID): 0.11
Client4      | [92mINFO [0m:      Sent reply
Client3      | [92mINFO [0m:      Jensen-Shannon Divergence (client vs perfect IID): 0.23
Client3      | [92mINFO [0m:      Sent reply
flwr_server  | [92mINFO [0m:      aggregate_fit: received 5 results and 0 failures
flwr_server  | [92mINFO [0m:      Results Aggregated in 49.10 seconds.
flwr_server  | [92mINFO [0m:      configure_evaluate: no clients selected, skipping evaluation
flwr_server  | [92mINFO [0m:      
flwr_server  | [92mINFO [0m:      [ROUND 5]
flwr_server  | [92mINFO [0m:      configure_fit: strategy sampled 5 clients (out of 5)
Client1      | [92mINFO [0m:      
Client1      | [92mINFO [0m:      Received: train message 9bb86eb1-9a30-44e8-b977-c91e5aeb6410
Client5      | [92mINFO [0m:      
Client5      | [92mINFO [0m:      Received: train message bbf80786-2673-4840-925f-94906b4d9cc7
Client3      | [92mINFO [0m:      
Client3      | [92mINFO [0m:      Received: train message f0f86254-0749-42c4-a563-29654a4417ae
Client4      | [92mINFO [0m:      
Client4      | [92mINFO [0m:      Received: train message 488f460d-7890-4404-b425-cab093ec4110
Client2      | [92mINFO [0m:      
Client2      | [92mINFO [0m:      Received: train message 31474dbb-e2d1-4b25-8d93-5e87f39e96d9
Client1      | [92mINFO [0m:      [DATA DEBUG] Client 1 round 5 train class distribution: {0: 15, 1: 3067, 2: 20918}
Client1      | [92mINFO [0m:      Starting training...
Client5      | [92mINFO [0m:      [DATA DEBUG] Client 5 round 5 train class distribution: {0: 14196, 1: 8882, 2: 922}
Client3      | [92mINFO [0m:      [DATA DEBUG] Client 3 round 5 train class distribution: {0: 7017, 1: 4726, 2: 257}
Client3      | [92mINFO [0m:      Starting training...
Client5      | [92mINFO [0m:      Starting training...
Client4      | [92mINFO [0m:      [DATA DEBUG] Client 4 round 5 train class distribution: {0: 1037, 1: 4703, 2: 703, 3: 5557}
Client2      | [92mINFO [0m:      [DATA DEBUG] Client 2 round 5 train class distribution: {0: 10, 1: 1091, 2: 1899, 3: 9000}
Client2      | [92mINFO [0m:      Starting training...
Client4      | [92mINFO [0m:      Starting training...
Client2      | [92mINFO [0m:      Training completed in 6.83 seconds
Client3      | [92mINFO [0m:      Training completed in 7.79 seconds
Client4      | [92mINFO [0m:      Training completed in 10.34 seconds
Client3      | [92mINFO [0m:      Client 3 injecting delay of 27 seconds
Client2      | [92mINFO [0m:      Jensen-Shannon Divergence (client vs perfect IID): 0.25
Client2      | [92mINFO [0m:      Sent reply
Client1      | [92mINFO [0m:      Training completed in 12.83 seconds
Client4      | [92mINFO [0m:      Client 4 injecting delay of 40 seconds
Client5      | [92mINFO [0m:      Training completed in 15.04 seconds
Client1      | [92mINFO [0m:      Jensen-Shannon Divergence (client vs perfect IID): 0.39
Client1      | [92mINFO [0m:      Sent reply
Client5      | [92mINFO [0m:      Jensen-Shannon Divergence (client vs perfect IID): 0.25
Client5      | [92mINFO [0m:      Sent reply
Client3      | [92mINFO [0m:      Jensen-Shannon Divergence (client vs perfect IID): 0.27
Client3      | [92mINFO [0m:      Sent reply
Client4      | [92mINFO [0m:      Jensen-Shannon Divergence (client vs perfect IID): 0.11
Client4      | [92mINFO [0m:      Sent reply
flwr_server  | [92mINFO [0m:      aggregate_fit: received 5 results and 0 failures
flwr_server  | [92mINFO [0m:      Results Aggregated in 55.38 seconds.
flwr_server  | [92mINFO [0m:      configure_evaluate: no clients selected, skipping evaluation
flwr_server  | [92mINFO [0m:      
flwr_server  | [92mINFO [0m:      [ROUND 6]
flwr_server  | [92mINFO [0m:      configure_fit: strategy sampled 5 clients (out of 5)
Client1      | [92mINFO [0m:      
Client1      | [92mINFO [0m:      Received: train message e43b0f95-be40-443e-b297-393c9c98db3e
Client4      | [92mINFO [0m:      
Client4      | [92mINFO [0m:      Received: train message 19b1d03e-bdfa-4190-aaad-53f9376aaa2f
Client2      | [92mINFO [0m:      
Client2      | [92mINFO [0m:      Received: train message a3407e06-5fe7-4c5a-a930-bff52f087a70
Client3      | [92mINFO [0m:      
Client3      | [92mINFO [0m:      Received: train message 4aa14494-4dd1-4d53-bd00-00c60da8aa7b
Client5      | [92mINFO [0m:      
Client5      | [92mINFO [0m:      Received: train message 7b3c4162-0b29-4703-b771-52e209a824d9
Client1      | [92mINFO [0m:      [DATA DEBUG] Client 1 round 6 train class distribution: {0: 15, 1: 3067, 2: 20918}
Client1      | [92mINFO [0m:      Starting training...
Client4      | [92mINFO [0m:      [DATA DEBUG] Client 4 round 6 train class distribution: {0: 1453, 1: 5467, 2: 1096, 3: 6384}
Client3      | [92mINFO [0m:      [DATA DEBUG] Client 3 round 6 train class distribution: {0: 7174, 1: 6971, 2: 255}
Client5      | [92mINFO [0m:      [DATA DEBUG] Client 5 round 6 train class distribution: {0: 14196, 1: 8882, 2: 922}
Client4      | [92mINFO [0m:      Starting training...
Client5      | [92mINFO [0m:      Starting training...
Client3      | [92mINFO [0m:      Starting training...
Client2      | [92mINFO [0m:      [DATA DEBUG] Client 2 round 6 train class distribution: {0: 13, 1: 1240, 2: 2660, 3: 10487}
Client2      | [92mINFO [0m:      Starting training...
Client3      | [92mINFO [0m:      Training completed in 7.60 seconds
Client2      | [92mINFO [0m:      Training completed in 7.73 seconds
Client4      | [92mINFO [0m:      Training completed in 8.38 seconds
Client3      | [92mINFO [0m:      Client 3 injecting delay of 43 seconds
Client5      | [92mINFO [0m:      Training completed in 12.50 seconds
Client4      | [92mINFO [0m:      Client 4 injecting delay of 41 seconds
Client2      | [92mINFO [0m:      Jensen-Shannon Divergence (client vs perfect IID): 0.24
Client2      | [92mINFO [0m:      Sent reply
Client1      | [92mINFO [0m:      Training completed in 13.38 seconds
Client1      | [92mINFO [0m:      Jensen-Shannon Divergence (client vs perfect IID): 0.39
Client1      | [92mINFO [0m:      Sent reply
Client5      | [92mINFO [0m:      Jensen-Shannon Divergence (client vs perfect IID): 0.25
Client5      | [92mINFO [0m:      Sent reply
Client4      | [92mINFO [0m:      Jensen-Shannon Divergence (client vs perfect IID): 0.09
Client4      | [92mINFO [0m:      Sent reply
Client3      | [92mINFO [0m:      Jensen-Shannon Divergence (client vs perfect IID): 0.27
Client3      | [92mINFO [0m:      Sent reply
flwr_server  | [92mINFO [0m:      aggregate_fit: received 5 results and 0 failures
flwr_server  | [92mINFO [0m:      Results Aggregated in 56.63 seconds.
flwr_server  | [92mINFO [0m:      configure_evaluate: no clients selected, skipping evaluation
flwr_server  | [92mINFO [0m:      
flwr_server  | [92mINFO [0m:      [ROUND 7]
flwr_server  | [92mINFO [0m:      configure_fit: strategy sampled 5 clients (out of 5)
Client5      | [92mINFO [0m:      
Client5      | [92mINFO [0m:      Received: train message cd87ded4-f0b3-4479-a000-9a4985115d25
Client1      | [92mINFO [0m:      
Client1      | [92mINFO [0m:      Received: train message d9fe24b1-5413-4bbf-b804-bf41a3917133
Client2      | [92mINFO [0m:      
Client2      | [92mINFO [0m:      Received: train message 8dacada2-675b-4a0c-a31f-0d9455ff7309
Client4      | [92mINFO [0m:      
Client4      | [92mINFO [0m:      Received: train message a83e31ce-16db-4ed6-8bb4-18feb51b3643
Client3      | [92mINFO [0m:      
Client3      | [92mINFO [0m:      Received: train message 72c5e4cf-97f8-47d7-aa94-319318f756cb
Client4      | [92mINFO [0m:      [DATA DEBUG] Client 4 round 7 train class distribution: {0: 1564, 1: 5704, 2: 1385, 3: 8147}
Client5      | [92mINFO [0m:      [DATA DEBUG] Client 5 round 7 train class distribution: {0: 14196, 1: 8882, 2: 922}
Client1      | [92mINFO [0m:      [DATA DEBUG] Client 1 round 7 train class distribution: {0: 15, 1: 3067, 2: 20918}
Client2      | [92mINFO [0m:      [DATA DEBUG] Client 2 round 7 train class distribution: {0: 15, 1: 1766, 2: 2957, 3: 12062}
Client2      | [92mINFO [0m:      Starting training...
Client1      | [92mINFO [0m:      Starting training...
Client5      | [92mINFO [0m:      Starting training...
Client4      | [92mINFO [0m:      Starting training...
Client3      | [92mINFO [0m:      [DATA DEBUG] Client 3 round 7 train class distribution: {0: 8434, 1: 8061, 2: 305}
Client3      | [92mINFO [0m:      Starting training...
Client4      | [92mINFO [0m:      Training completed in 7.11 seconds
Client2      | [92mINFO [0m:      Training completed in 9.18 seconds
Client1      | [92mINFO [0m:      Training completed in 10.11 seconds
Client3      | [92mINFO [0m:      Training completed in 10.44 seconds
Client2      | [92mINFO [0m:      Jensen-Shannon Divergence (client vs perfect IID): 0.23
Client2      | [92mINFO [0m:      Sent reply
Client4      | [92mINFO [0m:      Client 4 injecting delay of 30 seconds
Client5      | [92mINFO [0m:      Training completed in 12.82 seconds
Client1      | [92mINFO [0m:      Jensen-Shannon Divergence (client vs perfect IID): 0.39
Client1      | [92mINFO [0m:      Sent reply
Client3      | [92mINFO [0m:      Client 3 injecting delay of 41 seconds
Client5      | [92mINFO [0m:      Jensen-Shannon Divergence (client vs perfect IID): 0.25
Client5      | [92mINFO [0m:      Sent reply
Client4      | [92mINFO [0m:      Jensen-Shannon Divergence (client vs perfect IID): 0.09
Client4      | [92mINFO [0m:      Sent reply
Client3      | [92mINFO [0m:      Jensen-Shannon Divergence (client vs perfect IID): 0.27
Client3      | [92mINFO [0m:      Sent reply
flwr_server  | [92mINFO [0m:      aggregate_fit: received 5 results and 0 failures
flwr_server  | [92mINFO [0m:      Results Aggregated in 56.35 seconds.
flwr_server  | [92mINFO [0m:      configure_evaluate: no clients selected, skipping evaluation
flwr_server  | [92mINFO [0m:      
flwr_server  | [92mINFO [0m:      [ROUND 8]
flwr_server  | [92mINFO [0m:      configure_fit: strategy sampled 5 clients (out of 5)
Client2      | [92mINFO [0m:      
Client2      | [92mINFO [0m:      Received: train message cabebc01-ff6e-4f6b-977a-c611d54a1937
Client1      | [92mINFO [0m:      
Client1      | [92mINFO [0m:      Received: train message 5175b7c4-d9e3-46ff-89d9-d5ad6c4e6956
Client4      | [92mINFO [0m:      
Client4      | [92mINFO [0m:      Received: train message dedeb3f5-602f-4f66-95fb-3a989399cb31
Client3      | [92mINFO [0m:      
Client3      | [92mINFO [0m:      Received: train message 8d50ea4d-64d7-488b-96ed-b34c588091cc
Client5      | [92mINFO [0m:      
Client5      | [92mINFO [0m:      Received: train message a9b72e46-615d-494a-aeff-f8be2131e62c
Client2      | [92mINFO [0m:      [DATA DEBUG] Client 2 round 8 train class distribution: {0: 18, 1: 1999, 2: 3238, 3: 13945}
Client2      | [92mINFO [0m:      Starting training...
Client1      | [92mINFO [0m:      [DATA DEBUG] Client 1 round 8 train class distribution: {0: 15, 1: 3067, 2: 20918}
Client1      | [92mINFO [0m:      Starting training...
Client4      | [92mINFO [0m:      [DATA DEBUG] Client 4 round 8 train class distribution: {0: 1240, 1: 5104, 2: 903, 3: 11953}
Client3      | [92mINFO [0m:      [DATA DEBUG] Client 3 round 8 train class distribution: {0: 9511, 1: 8881, 2: 808}
Client4      | [92mINFO [0m:      Starting training...
Client5      | [92mINFO [0m:      [DATA DEBUG] Client 5 round 8 train class distribution: {0: 14196, 1: 8882, 2: 922}
Client3      | [92mINFO [0m:      Starting training...
Client5      | [92mINFO [0m:      Starting training...
Client1      | [92mINFO [0m:      Training completed in 7.77 seconds
Client4      | [92mINFO [0m:      Training completed in 7.90 seconds
Client2      | [92mINFO [0m:      Training completed in 9.35 seconds
Client1      | [92mINFO [0m:      Jensen-Shannon Divergence (client vs perfect IID): 0.39
Client1      | [92mINFO [0m:      Sent reply
Client3      | [92mINFO [0m:      Training completed in 10.38 seconds
Client4      | [92mINFO [0m:      Client 4 injecting delay of 46 seconds
Client5      | [92mINFO [0m:      Training completed in 11.19 seconds
Client2      | [92mINFO [0m:      Jensen-Shannon Divergence (client vs perfect IID): 0.24
Client2      | [92mINFO [0m:      Sent reply
Client3      | [92mINFO [0m:      Client 3 injecting delay of 50 seconds
Client5      | [92mINFO [0m:      Jensen-Shannon Divergence (client vs perfect IID): 0.25
Client5      | [92mINFO [0m:      Sent reply
Client4      | [92mINFO [0m:      Jensen-Shannon Divergence (client vs perfect IID): 0.16
Client4      | [92mINFO [0m:      Sent reply
Client3      | [92mINFO [0m:      Jensen-Shannon Divergence (client vs perfect IID): 0.24
Client3      | [92mINFO [0m:      Sent reply
flwr_server  | [92mINFO [0m:      aggregate_fit: received 5 results and 0 failures
flwr_server  | [92mINFO [0m:      Results Aggregated in 63.55 seconds.
flwr_server  | [92mINFO [0m:      configure_evaluate: no clients selected, skipping evaluation
flwr_server  | [92mINFO [0m:      
flwr_server  | [92mINFO [0m:      [ROUND 9]
flwr_server  | [92mINFO [0m:      configure_fit: strategy sampled 5 clients (out of 5)
Client5      | [92mINFO [0m:      
Client5      | [92mINFO [0m:      Received: train message 63a3e60a-cb6e-4230-9feb-55dde7e0faef
Client2      | [92mINFO [0m:      
Client2      | [92mINFO [0m:      Received: train message b6a3d7c8-12c0-4cc1-a32b-de0dd9e38cdf
Client4      | [92mINFO [0m:      
Client4      | [92mINFO [0m:      Received: train message 6510779e-43eb-4afc-8742-c22d5b768fb0
Client3      | [92mINFO [0m:      
Client3      | [92mINFO [0m:      Received: train message 1c11fa40-360f-4648-9acd-86ea319abb18
Client1      | [92mINFO [0m:      
Client1      | [92mINFO [0m:      Received: train message 36ce2e7d-0e63-4f85-9f39-0d680d4cfcdf
Client5      | [92mINFO [0m:      [DATA DEBUG] Client 5 round 9 train class distribution: {0: 14196, 1: 8882, 2: 922}
Client5      | [92mINFO [0m:      Starting training...
Client2      | [92mINFO [0m:      [DATA DEBUG] Client 2 round 9 train class distribution: {0: 24, 1: 1947, 2: 3389, 3: 16240}
Client2      | [92mINFO [0m:      Starting training...
Client3      | [92mINFO [0m:      [DATA DEBUG] Client 3 round 9 train class distribution: {0: 11943, 1: 8881, 2: 776}
Client3      | [92mINFO [0m:      Starting training...
Client4      | [92mINFO [0m:      [DATA DEBUG] Client 4 round 9 train class distribution: {0: 1547, 1: 5553, 2: 1185, 3: 13315}
Client4      | [92mINFO [0m:      Starting training...
Client1      | [92mINFO [0m:      [DATA DEBUG] Client 1 round 9 train class distribution: {0: 15, 1: 3067, 2: 20918}
Client1      | [92mINFO [0m:      Starting training...
Client2      | [92mINFO [0m:      Training completed in 11.79 seconds
Client4      | [92mINFO [0m:      Training completed in 11.78 seconds
Client1      | [92mINFO [0m:      Training completed in 16.00 seconds
Client5      | [92mINFO [0m:      Training completed in 16.77 seconds
Client3      | [92mINFO [0m:      Training completed in 17.71 seconds
Client4      | [92mINFO [0m:      Client 4 injecting delay of 45 seconds
Client2      | [92mINFO [0m:      Jensen-Shannon Divergence (client vs perfect IID): 0.25
Client2      | [92mINFO [0m:      Sent reply
Client1      | [92mINFO [0m:      Jensen-Shannon Divergence (client vs perfect IID): 0.39
Client1      | [92mINFO [0m:      Sent reply
Client5      | [92mINFO [0m:      Jensen-Shannon Divergence (client vs perfect IID): 0.25
Client5      | [92mINFO [0m:      Sent reply
Client3      | [92mINFO [0m:      Client 3 injecting delay of 24 seconds
Client3      | [92mINFO [0m:      Jensen-Shannon Divergence (client vs perfect IID): 0.25
Client3      | [92mINFO [0m:      Sent reply
Client4      | [92mINFO [0m:      Jensen-Shannon Divergence (client vs perfect IID): 0.14
Client4      | [92mINFO [0m:      Sent reply
flwr_server  | [92mINFO [0m:      aggregate_fit: received 5 results and 0 failures
flwr_server  | [92mINFO [0m:      Results Aggregated in 65.53 seconds.
flwr_server  | [92mINFO [0m:      configure_evaluate: no clients selected, skipping evaluation
flwr_server  | [92mINFO [0m:      
flwr_server  | [92mINFO [0m:      [ROUND 10]
flwr_server  | [92mINFO [0m:      configure_fit: strategy sampled 5 clients (out of 5)
Client2      | [92mINFO [0m:      
Client2      | [92mINFO [0m:      Received: train message 57d3cc89-459f-4ab5-a65e-f61b647685ae
Client5      | [92mINFO [0m:      
Client5      | [92mINFO [0m:      Received: train message ed8af91b-f45a-45c6-be04-f4b4e4fed05e
Client4      | [92mINFO [0m:      
Client4      | [92mINFO [0m:      Received: train message 3094c128-b833-4579-836e-4723af084c61
Client3      | [92mINFO [0m:      
Client3      | [92mINFO [0m:      Received: train message d3a98d05-f000-4da5-af01-39b376c5f119
Client1      | [92mINFO [0m:      
Client1      | [92mINFO [0m:      Received: train message 7269ab4f-87bf-41bc-8752-72158dcf8dfc
Client2      | [92mINFO [0m:      [DATA DEBUG] Client 2 round 10 train class distribution: {0: 28, 1: 3466, 2: 3872, 3: 16634}
Client5      | [92mINFO [0m:      [DATA DEBUG] Client 5 round 10 train class distribution: {0: 14196, 1: 8882, 2: 922}
Client2      | [92mINFO [0m:      Starting training...
Client5      | [92mINFO [0m:      Starting training...
Client3      | [92mINFO [0m:      [DATA DEBUG] Client 3 round 10 train class distribution: {0: 14197, 1: 8881, 2: 922}
Client1      | [92mINFO [0m:      [DATA DEBUG] Client 1 round 10 train class distribution: {0: 15, 1: 3067, 2: 20918}
Client3      | [92mINFO [0m:      Starting training...
Client4      | [92mINFO [0m:      [DATA DEBUG] Client 4 round 10 train class distribution: {0: 1564, 1: 5704, 2: 3366, 3: 13366}
Client1      | [92mINFO [0m:      Starting training...
Client4      | [92mINFO [0m:      Starting training...
Client2      | [92mINFO [0m:      Training completed in 15.21 seconds
Client3      | [92mINFO [0m:      Training completed in 14.98 seconds
Client4      | [92mINFO [0m:      Training completed in 15.13 seconds
Client5      | [92mINFO [0m:      Training completed in 15.48 seconds
Client1      | [92mINFO [0m:      Training completed in 15.56 seconds
Client3      | [92mINFO [0m:      Client 3 injecting delay of 41 seconds
Client2      | [92mINFO [0m:      Jensen-Shannon Divergence (client vs perfect IID): 0.22
Client2      | [92mINFO [0m:      Sent reply
Client4      | [92mINFO [0m:      Client 4 injecting delay of 39 seconds
Client5      | [92mINFO [0m:      Jensen-Shannon Divergence (client vs perfect IID): 0.25
Client5      | [92mINFO [0m:      Sent reply
Client1      | [92mINFO [0m:      Jensen-Shannon Divergence (client vs perfect IID): 0.39
Client1      | [92mINFO [0m:      Sent reply
Client4      | [92mINFO [0m:      Jensen-Shannon Divergence (client vs perfect IID): 0.10
Client4      | [92mINFO [0m:      Sent reply
Client3      | [92mINFO [0m:      Jensen-Shannon Divergence (client vs perfect IID): 0.25
Client3      | [92mINFO [0m:      Sent reply
flwr_server  | [92mINFO [0m:      aggregate_fit: received 5 results and 0 failures
flwr_server  | [92mINFO [0m:      Results Aggregated in 63.48 seconds.
flwr_server  | [92mINFO [0m:      configure_evaluate: no clients selected, skipping evaluation
flwr_server  | [92mINFO [0m:      
flwr_server  | [92mINFO [0m:      [SUMMARY]
flwr_server  | [92mINFO [0m:      Run finished 10 round(s) in 565.42s
flwr_server  | [92mINFO [0m:      	History (metrics, distributed, fit):
flwr_server  | [92mINFO [0m:      	{'MLP': [(1,
flwr_server  | [92mINFO [0m:      	          {'jsd': (0.39322484901283516,
flwr_server  | [92mINFO [0m:      	                   0.34159492001920355,
flwr_server  | [92mINFO [0m:      	                   0.26322589779012284,
flwr_server  | [92mINFO [0m:      	                   0.03216804284408533,
flwr_server  | [92mINFO [0m:      	                   0.2474627037873913),
flwr_server  | [92mINFO [0m:      	           'train_accuracy': 0.9238949275362319,
flwr_server  | [92mINFO [0m:      	           'train_f1': 0.6151341193466651,
flwr_server  | [92mINFO [0m:      	           'train_loss': 0.22502447462060313,
flwr_server  | [92mINFO [0m:      	           'train_mae': 0.11817028985507247,
flwr_server  | [92mINFO [0m:      	           'val_accuracy': 0.44422421725325395,
flwr_server  | [92mINFO [0m:      	           'val_f1': 0.317323763588701,
flwr_server  | [92mINFO [0m:      	           'val_loss': 2.5799047468419465,
flwr_server  | [92mINFO [0m:      	           'val_mae': 1.0050562086522292}),
flwr_server  | [92mINFO [0m:      	         (2,
flwr_server  | [92mINFO [0m:      	          {'jsd': (0.39322484901283516,
flwr_server  | [92mINFO [0m:      	                   0.30249023362458477,
flwr_server  | [92mINFO [0m:      	                   0.2637777195242189,
flwr_server  | [92mINFO [0m:      	                   0.22871931627683284,
flwr_server  | [92mINFO [0m:      	                   0.2474627037873913),
flwr_server  | [92mINFO [0m:      	           'train_accuracy': 0.967323717948718,
flwr_server  | [92mINFO [0m:      	           'train_f1': 0.7350585480029547,
flwr_server  | [92mINFO [0m:      	           'train_loss': 0.12081074592108146,
flwr_server  | [92mINFO [0m:      	           'train_mae': 0.050721153846153846,
flwr_server  | [92mINFO [0m:      	           'val_accuracy': 0.5380566801619433,
flwr_server  | [92mINFO [0m:      	           'val_f1': 0.435467561805255,
flwr_server  | [92mINFO [0m:      	           'val_loss': 2.4238892835837142,
flwr_server  | [92mINFO [0m:      	           'val_mae': 0.843744939271255}),
flwr_server  | [92mINFO [0m:      	         (3,
flwr_server  | [92mINFO [0m:      	          {'jsd': (0.39322484901283516,
flwr_server  | [92mINFO [0m:      	                   0.2057006995308202,
flwr_server  | [92mINFO [0m:      	                   0.22803449012585766,
flwr_server  | [92mINFO [0m:      	                   0.13555693105064193,
flwr_server  | [92mINFO [0m:      	                   0.2474627037873913),
flwr_server  | [92mINFO [0m:      	           'train_accuracy': 0.9553591954022989,
flwr_server  | [92mINFO [0m:      	           'train_f1': 0.7484523111292474,
flwr_server  | [92mINFO [0m:      	           'train_loss': 0.13387316747589958,
flwr_server  | [92mINFO [0m:      	           'train_mae': 0.06339080459770115,
flwr_server  | [92mINFO [0m:      	           'val_accuracy': 0.5507350272232304,
flwr_server  | [92mINFO [0m:      	           'val_f1': 0.45075176603736683,
flwr_server  | [92mINFO [0m:      	           'val_loss': 2.466465767728006,
flwr_server  | [92mINFO [0m:      	           'val_mae': 0.8220235934664247}),
flwr_server  | [92mINFO [0m:      	         (4,
flwr_server  | [92mINFO [0m:      	          {'jsd': (0.39322484901283516,
flwr_server  | [92mINFO [0m:      	                   0.25287898714126306,
flwr_server  | [92mINFO [0m:      	                   0.2278124469152871,
flwr_server  | [92mINFO [0m:      	                   0.10960855978140585,
flwr_server  | [92mINFO [0m:      	                   0.2474627037873913),
flwr_server  | [92mINFO [0m:      	           'train_accuracy': 0.9604427083333333,
flwr_server  | [92mINFO [0m:      	           'train_f1': 0.7998370422267442,
flwr_server  | [92mINFO [0m:      	           'train_loss': 0.12201817932177315,
flwr_server  | [92mINFO [0m:      	           'train_mae': 0.0565234375,
flwr_server  | [92mINFO [0m:      	           'val_accuracy': 0.58,
flwr_server  | [92mINFO [0m:      	           'val_f1': 0.4883486022112865,
flwr_server  | [92mINFO [0m:      	           'val_loss': 2.3819462007284162,
flwr_server  | [92mINFO [0m:      	           'val_mae': 0.7488569078947368}),
flwr_server  | [92mINFO [0m:      	         (5,
flwr_server  | [92mINFO [0m:      	          {'jsd': (0.39322484901283516,
flwr_server  | [92mINFO [0m:      	                   0.2510896510520863,
flwr_server  | [92mINFO [0m:      	                   0.26814762209351445,
flwr_server  | [92mINFO [0m:      	                   0.11078278859219895,
flwr_server  | [92mINFO [0m:      	                   0.2474627037873913),
flwr_server  | [92mINFO [0m:      	           'train_accuracy': 0.9631547619047619,
flwr_server  | [92mINFO [0m:      	           'train_f1': 0.853853765794647,
flwr_server  | [92mINFO [0m:      	           'train_loss': 0.11200281859555149,
flwr_server  | [92mINFO [0m:      	           'train_mae': 0.05017857142857143,
flwr_server  | [92mINFO [0m:      	           'val_accuracy': 0.5914097744360902,
flwr_server  | [92mINFO [0m:      	           'val_f1': 0.5120454793057712,
flwr_server  | [92mINFO [0m:      	           'val_loss': 2.2610985861685045,
flwr_server  | [92mINFO [0m:      	           'val_mae': 0.7537218045112781}),
flwr_server  | [92mINFO [0m:      	         (6,
flwr_server  | [92mINFO [0m:      	          {'jsd': (0.39322484901283516,
flwr_server  | [92mINFO [0m:      	                   0.24283626609722486,
flwr_server  | [92mINFO [0m:      	                   0.26948637020146393,
flwr_server  | [92mINFO [0m:      	                   0.08823434956606693,
flwr_server  | [92mINFO [0m:      	                   0.2474627037873913),
flwr_server  | [92mINFO [0m:      	           'train_accuracy': 0.9652302631578947,
flwr_server  | [92mINFO [0m:      	           'train_f1': 0.8806413355571973,
flwr_server  | [92mINFO [0m:      	           'train_loss': 0.10757285172468983,
flwr_server  | [92mINFO [0m:      	           'train_mae': 0.04669956140350877,
flwr_server  | [92mINFO [0m:      	           'val_accuracy': 0.6209002770083102,
flwr_server  | [92mINFO [0m:      	           'val_f1': 0.5478000280829849,
flwr_server  | [92mINFO [0m:      	           'val_loss': 2.119250308975288,
flwr_server  | [92mINFO [0m:      	           'val_mae': 0.7013642659279778}),
flwr_server  | [92mINFO [0m:      	         (7,
flwr_server  | [92mINFO [0m:      	          {'jsd': (0.39322484901283516,
flwr_server  | [92mINFO [0m:      	                   0.23290485716146722,
flwr_server  | [92mINFO [0m:      	                   0.26878455866895273,
flwr_server  | [92mINFO [0m:      	                   0.09126220200081542,
flwr_server  | [92mINFO [0m:      	                   0.2474627037873913),
flwr_server  | [92mINFO [0m:      	           'train_accuracy': 0.9679471544715447,
flwr_server  | [92mINFO [0m:      	           'train_f1': 0.8840182257209063,
flwr_server  | [92mINFO [0m:      	           'train_loss': 0.09848955968599313,
flwr_server  | [92mINFO [0m:      	           'train_mae': 0.04303861788617886,
flwr_server  | [92mINFO [0m:      	           'val_accuracy': 0.6385397946084724,
flwr_server  | [92mINFO [0m:      	           'val_f1': 0.5694520185150731,
flwr_server  | [92mINFO [0m:      	           'val_loss': 1.9927305591427775,
flwr_server  | [92mINFO [0m:      	           'val_mae': 0.676915917843389}),
flwr_server  | [92mINFO [0m:      	         (8,
flwr_server  | [92mINFO [0m:      	          {'jsd': (0.39322484901283516,
flwr_server  | [92mINFO [0m:      	                   0.2365863848201544,
flwr_server  | [92mINFO [0m:      	                   0.23707463262752654,
flwr_server  | [92mINFO [0m:      	                   0.15642629864353716,
flwr_server  | [92mINFO [0m:      	                   0.2474627037873913),
flwr_server  | [92mINFO [0m:      	           'train_accuracy': 0.9727651515151515,
flwr_server  | [92mINFO [0m:      	           'train_f1': 0.9015298759076564,
flwr_server  | [92mINFO [0m:      	           'train_loss': 0.08629923932906505,
flwr_server  | [92mINFO [0m:      	           'train_mae': 0.03683712121212121,
flwr_server  | [92mINFO [0m:      	           'val_accuracy': 0.6476495215311006,
flwr_server  | [92mINFO [0m:      	           'val_f1': 0.5813985688528592,
flwr_server  | [92mINFO [0m:      	           'val_loss': 1.9373728234916212,
flwr_server  | [92mINFO [0m:      	           'val_mae': 0.6514114832535886}),
flwr_server  | [92mINFO [0m:      	         (9,
flwr_server  | [92mINFO [0m:      	          {'jsd': (0.39322484901283516,
flwr_server  | [92mINFO [0m:      	                   0.2512623208450595,
flwr_server  | [92mINFO [0m:      	                   0.24656208041920627,
flwr_server  | [92mINFO [0m:      	                   0.14429389844938975,
flwr_server  | [92mINFO [0m:      	                   0.2474627037873913),
flwr_server  | [92mINFO [0m:      	           'train_accuracy': 0.9744148936170213,
flwr_server  | [92mINFO [0m:      	           'train_f1': 0.9156668945375764,
flwr_server  | [92mINFO [0m:      	           'train_loss': 0.08189696218897274,
flwr_server  | [92mINFO [0m:      	           'train_mae': 0.034840425531914895,
flwr_server  | [92mINFO [0m:      	           'val_accuracy': 0.6618253079507279,
flwr_server  | [92mINFO [0m:      	           'val_f1': 0.5991470025244561,
flwr_server  | [92mINFO [0m:      	           'val_loss': 1.8582383526813275,
flwr_server  | [92mINFO [0m:      	           'val_mae': 0.6424608062709966}),
flwr_server  | [92mINFO [0m:      	         (10,
flwr_server  | [92mINFO [0m:      	          {'jsd': (0.39322484901283516,
flwr_server  | [92mINFO [0m:      	                   0.21561176403634433,
flwr_server  | [92mINFO [0m:      	                   0.24746762201000536,
flwr_server  | [92mINFO [0m:      	                   0.09629804993259884,
flwr_server  | [92mINFO [0m:      	                   0.2474627037873913),
flwr_server  | [92mINFO [0m:      	           'train_accuracy': 0.9732333333333333,
flwr_server  | [92mINFO [0m:      	           'train_f1': 0.9228420822335941,
flwr_server  | [92mINFO [0m:      	           'train_loss': 0.08405017083330119,
flwr_server  | [92mINFO [0m:      	           'train_mae': 0.03509166666666667,
flwr_server  | [92mINFO [0m:      	           'val_accuracy': 0.6835263157894736,
flwr_server  | [92mINFO [0m:      	           'val_f1': 0.6228356358948649,
flwr_server  | [92mINFO [0m:      	           'val_loss': 1.7497672246255374,
flwr_server  | [92mINFO [0m:      	           'val_mae': 0.6024473684210526})]}
flwr_server  | [92mINFO [0m:      
Client3      | [92mINFO [0m:      
Client3      | [92mINFO [0m:      Received: reconnect message 5bafe939-9241-4e62-8329-002b6da0f5dc
Client4      | [92mINFO [0m:      
Client4      | [92mINFO [0m:      Received: reconnect message b7d40545-e84d-4e33-8796-e0f1b42f898c
Client5      | [92mINFO [0m:      
Client5      | [92mINFO [0m:      Received: reconnect message d9f86194-7d16-45f5-ba68-94f46257c480
Client2      | [92mINFO [0m:      
Client2      | [92mINFO [0m:      Received: reconnect message 2b6f4fd6-6629-4035-8cbf-60f293537c1e
Client1      | [92mINFO [0m:      
Client1      | [92mINFO [0m:      Received: reconnect message 3ed2cff9-04b8-46a4-aadb-e6e645c576e7
Client3      | [92mINFO [0m:      Disconnect and shut down
Client1      | [92mINFO [0m:      Disconnect and shut down
Client2      | [92mINFO [0m:      Disconnect and shut down
Client4      | [92mINFO [0m:      Disconnect and shut down
Client5      | [92mINFO [0m:      Disconnect and shut down
[KClient3 exited with code 0
[KClient2 exited with code 0
[KClient4 exited with code 0
[KClient1 exited with code 0
[KClient5 exited with code 0
[Kflwr_server exited with code 0
